<?xml version="1.0" encoding="UTF-8"?>
<testng-results ignored="0" total="1" passed="1" failed="0" skipped="0">
  <reporter-output>
  </reporter-output>
  <suite started-at="2023-09-29T00:16:01 ART" name="SMOKE" finished-at="2023-09-29T00:16:17 ART" duration-ms="16004">
    <groups>
    </groups>
    <test started-at="2023-09-29T00:16:01 ART" name="Login Correcto" finished-at="2023-09-29T00:16:17 ART" duration-ms="16004">
      <class name="Test.completeFlux">
        <test-method is-config="true" signature="SetUp()[pri:0, instance:Test.completeFlux@55ca8de8]" started-at="2023-09-29T00:16:01 ART" name="SetUp" finished-at="2023-09-29T00:16:08 ART" duration-ms="7222" status="PASS">
          <reporter-output>
          </reporter-output>
        </test-method> <!-- SetUp -->
        <test-method signature="goToMonitors()[pri:0, instance:Test.completeFlux@55ca8de8]" started-at="2023-09-29T00:16:08 ART" name="goToMonitors" finished-at="2023-09-29T00:16:15 ART" duration-ms="6871" status="PASS">
          <reporter-output>
          </reporter-output>
        </test-method> <!-- goToMonitors -->
        <test-method is-config="true" signature="TearDown()[pri:0, instance:Test.completeFlux@55ca8de8]" started-at="2023-09-29T00:16:15 ART" name="TearDown" finished-at="2023-09-29T00:16:17 ART" duration-ms="1823" status="PASS">
          <reporter-output>
          </reporter-output>
        </test-method> <!-- TearDown -->
      </class> <!-- Test.completeFlux -->
    </test> <!-- Login Correcto -->
  </suite> <!-- SMOKE -->
</testng-results>
